[debug] [2018-03-23T12:24:38.159Z] ----------------------------------------------------------------------
[debug] [2018-03-23T12:24:38.162Z] Command:       C:\Program Files\nodejs\node.exe C:\Users\Dr. Sandeep Vijay\AppData\Roaming\npm\node_modules\firebase-tools\bin\firebase deploy
[debug] [2018-03-23T12:24:38.162Z] CLI Version:   3.17.3
[debug] [2018-03-23T12:24:38.162Z] Platform:      win32
[debug] [2018-03-23T12:24:38.162Z] Node Version:  v9.5.0
[debug] [2018-03-23T12:24:38.179Z] Time:          Fri Mar 23 2018 17:54:38 GMT+0530 (India Standard Time)
[debug] [2018-03-23T12:24:38.179Z] ----------------------------------------------------------------------
[debug] 
[debug] [2018-03-23T12:24:38.227Z] > command requires scopes: ["email","openid","https://www.googleapis.com/auth/cloudplatformprojects.readonly","https://www.googleapis.com/auth/firebase","https://www.googleapis.com/auth/cloud-platform"]
[debug] [2018-03-23T12:24:38.228Z] > authorizing via signed-in user
[debug] [2018-03-23T12:24:38.230Z] > refreshing access token with scopes: ["email","https://www.googleapis.com/auth/cloud-platform","https://www.googleapis.com/auth/cloudplatformprojects.readonly","https://www.googleapis.com/auth/firebase","openid"]
[debug] [2018-03-23T12:24:38.230Z] >>> HTTP REQUEST POST https://www.googleapis.com/oauth2/v3/token  
 { refresh_token: '1/TI_h6dEYyPrJ-vKAfdHMvGiMgzcsOPmE4WZl6BO70IA',
  client_id: '563584335869-fgrhgmd47bqnekij5i8b5pr03ho849e6.apps.googleusercontent.com',
  client_secret: 'j9iVZfS8kkCEFUPaAeJV0sAi',
  grant_type: 'refresh_token',
  scope: 'email https://www.googleapis.com/auth/cloud-platform https://www.googleapis.com/auth/cloudplatformprojects.readonly https://www.googleapis.com/auth/firebase openid' } 
 Fri Mar 23 2018 17:54:38 GMT+0530 (India Standard Time)
[debug] [2018-03-23T12:24:39.030Z] <<< HTTP RESPONSE 200
[debug] [2018-03-23T12:24:39.079Z] >>> HTTP REQUEST GET https://admin.firebase.com/v1/projects/novelio-scratch  
  
 Fri Mar 23 2018 17:54:39 GMT+0530 (India Standard Time)
[debug] [2018-03-23T12:24:40.668Z] <<< HTTP RESPONSE 200
[debug] [2018-03-23T12:24:40.669Z] >>> HTTP REQUEST GET https://admin.firebase.com/v1/database/novelio-scratch/tokens  
  
 Fri Mar 23 2018 17:54:40 GMT+0530 (India Standard Time)
[debug] [2018-03-23T12:24:42.326Z] <<< HTTP RESPONSE 200
[info] 
[info] === Deploying to 'novelio-scratch'...
[info] 
[info] i  deploying hosting
[info] i  hosting: preparing dist directory for upload...
[debug] [2018-03-23T12:24:44.673Z] >>> HTTP REQUEST PUT https://deploy.firebase.com/v1/hosting/novelio-scratch/uploads/-L8HoN7rqnqE5_nMVYA5?fileCount=17&message=  
  
 Fri Mar 23 2018 17:54:44 GMT+0530 (India Standard Time)
